DIR bin exists
(cd src/gravity; make compile)
make[1]: Entering directory '/home/mikeg64/proj/athena_pmode/src/gravity'
make[1]: Nothing to be done for 'compile'.
make[1]: Leaving directory '/home/mikeg64/proj/athena_pmode/src/gravity'
(cd src/integrators; make compile)
make[1]: Entering directory '/home/mikeg64/proj/athena_pmode/src/integrators'
make[1]: Nothing to be done for 'compile'.
make[1]: Leaving directory '/home/mikeg64/proj/athena_pmode/src/integrators'
(cd src/microphysics; make compile)
make[1]: Entering directory '/home/mikeg64/proj/athena_pmode/src/microphysics'
make[1]: Nothing to be done for 'compile'.
make[1]: Leaving directory '/home/mikeg64/proj/athena_pmode/src/microphysics'
(cd src/particles; make compile)
make[1]: Entering directory '/home/mikeg64/proj/athena_pmode/src/particles'
make[1]: Nothing to be done for 'compile'.
make[1]: Leaving directory '/home/mikeg64/proj/athena_pmode/src/particles'
(cd src/reconstruction; make compile)
make[1]: Entering directory '/home/mikeg64/proj/athena_pmode/src/reconstruction'
make[1]: Nothing to be done for 'compile'.
make[1]: Leaving directory '/home/mikeg64/proj/athena_pmode/src/reconstruction'
(cd src/rsolvers; make compile)
make[1]: Entering directory '/home/mikeg64/proj/athena_pmode/src/rsolvers'
make[1]: Nothing to be done for 'compile'.
make[1]: Leaving directory '/home/mikeg64/proj/athena_pmode/src/rsolvers'
(cd src; make compile)
make[1]: Entering directory '/home/mikeg64/proj/athena_pmode/src'
gcc -O3    -c problem.c
problem.c: In function ‘problem’:
problem.c:86:11: warning: ignoring return value of ‘fscanf’, declared with attribute warn_unused_result [-Wunused-result]
           fscanf(fid, " %s %s %s %s", st1, st2, st3, st4);
           ^
gcc -O3 -o ../bin/athena ath_array.o ath_files.o ath_log.o ath_signal.o baton.o bvals_mhd.o bvals_shear.o cc_pos.o convert_var.o dump_binary.o dump_history.o dump_tab.o dump_vtk.o init_grid.o init_mesh.o main.o new_dt.o output.o output_pdf.o output_pgm.o output_ppm.o output_tab.o output_vtk.o par.o problem.o restart.o show_config.o smr.o utils.o  gravity/bvals_grav.o gravity/selfg.o gravity/selfg_fft.o gravity/selfg_fft_obc.o gravity/selfg_fft_disk.o gravity/selfg_multigrid.o integrators/integrate.o integrators/integrate_1d_ctu.o integrators/integrate_2d_ctu.o integrators/integrate_3d_ctu.o integrators/integrate_1d_vl.o integrators/integrate_2d_vl.o integrators/integrate_3d_vl.o integrators/integrate_1d_vl_sr.o integrators/integrate_2d_vl_sr.o integrators/integrate_3d_vl_sr.o microphysics/conduction.o microphysics/cool.o microphysics/integrate_diffusion.o microphysics/get_eta.o microphysics/new_dt_diff.o microphysics/resistivity.o microphysics/viscosity.o particles/dump_particle_history.o particles/exchange.o particles/init_particle.o particles/integrators_particle.o particles/output_particle.o particles/bvals_particle.o particles/utils_particle.o reconstruction/esystem_prim.o reconstruction/lr_states_dc.o reconstruction/lr_states_plm.o reconstruction/lr_states_ppm.o reconstruction/lr_states_prim2.o reconstruction/lr_states_prim3.o rsolvers/esystem_roe.o rsolvers/exact.o rsolvers/exact_sr.o rsolvers/force.o rsolvers/hllc.o rsolvers/hlld.o rsolvers/hlle_sr.o rsolvers/hllc_sr.o rsolvers/hlld_sr.o rsolvers/hlle.o rsolvers/roe.o rsolvers/two_shock.o    -ldl -lm
make[1]: Leaving directory '/home/mikeg64/proj/athena_pmode/src'
